2017-01-27T13:55:23,288 | DEBUG | InternalLoggerFactory | main | Using java.util.logging as the default logging framework
2017-01-27T13:55:23,292 | DEBUG | MultithreadEventLoopGroup | main | -Dio.netty.eventLoopThreads: 8
2017-01-27T13:55:23,313 | DEBUG | PlatformDependent0 | main | java.nio.Buffer.address: available
2017-01-27T13:55:23,313 | DEBUG | PlatformDependent0 | main | sun.misc.Unsafe.theUnsafe: available
2017-01-27T13:55:23,314 | DEBUG | PlatformDependent0 | main | sun.misc.Unsafe.copyMemory: available
2017-01-27T13:55:23,314 | DEBUG | PlatformDependent0 | main | direct buffer constructor: available
2017-01-27T13:55:23,315 | DEBUG | PlatformDependent0 | main | java.nio.Bits.unaligned: available, true
2017-01-27T13:55:23,315 | DEBUG | PlatformDependent0 | main | java.nio.DirectByteBuffer.<init>(long, int): available
2017-01-27T13:55:23,316 | DEBUG | Cleaner0 | main | java.nio.ByteBuffer.cleaner(): available
2017-01-27T13:55:23,317 | DEBUG | PlatformDependent | main | Java version: 8
2017-01-27T13:55:23,317 | DEBUG | PlatformDependent | main | -Dio.netty.noUnsafe: false
2017-01-27T13:55:23,317 | DEBUG | PlatformDependent | main | sun.misc.Unsafe: available
2017-01-27T13:55:23,317 | DEBUG | PlatformDependent | main | -Dio.netty.noJavassist: false
2017-01-27T13:55:23,386 | DEBUG | PlatformDependent | main | Javassist: available
2017-01-27T13:55:23,387 | DEBUG | PlatformDependent | main | -Dio.netty.tmpdir: /tmp (java.io.tmpdir)
2017-01-27T13:55:23,387 | DEBUG | PlatformDependent | main | -Dio.netty.bitMode: 64 (sun.arch.data.model)
2017-01-27T13:55:23,387 | DEBUG | PlatformDependent | main | -Dio.netty.noPreferDirect: false
2017-01-27T13:55:23,387 | DEBUG | PlatformDependent | main | io.netty.maxDirectMemory: 3728736256 bytes
2017-01-27T13:55:23,403 | DEBUG | PlatformDependent | main | org.jctools-core.MpscChunkedArrayQueue: available
2017-01-27T13:55:23,411 | DEBUG | NativeLibraryLoader | main | -Dio.netty.tmpdir: /tmp (java.io.tmpdir)
2017-01-27T13:55:23,411 | DEBUG | NativeLibraryLoader | main | -Dio.netty.native.workdir: /tmp (io.netty.tmpdir)
2017-01-27T13:55:23,428 | DEBUG | NetUtil | main | -Djava.net.preferIPv4Stack: false
2017-01-27T13:55:23,428 | DEBUG | NetUtil | main | -Djava.net.preferIPv6Addresses: false
2017-01-27T13:55:23,429 | DEBUG | NetUtil | main | Loopback interface: lo (lo, 0:0:0:0:0:0:0:1%lo)
2017-01-27T13:55:23,429 | DEBUG | NetUtil | main | /proc/sys/net/core/somaxconn: 128
2017-01-27T13:55:23,592 | DEBUG | DefaultChannelId | ioTasksDispatcher | -Dio.netty.processId: 28358 (auto-detected)
2017-01-27T13:55:23,595 | DEBUG | DefaultChannelId | ioTasksDispatcher | -Dio.netty.machineId: 40:2c:f4:ff:fe:e9:16:17 (auto-detected)
2017-01-27T13:55:23,597 | DEBUG | ThreadLocalRandom | ioTasksDispatcher | -Dio.netty.initialSeedUniquifier: 0x17f5622d36debe4f
2017-01-27T13:55:23,609 | DEBUG | ResourceLeakDetector | ioTasksDispatcher | -Dio.netty.leakDetection.level: simple
2017-01-27T13:55:23,609 | DEBUG | ResourceLeakDetector | ioTasksDispatcher | -Dio.netty.leakDetection.maxRecords: 4
2017-01-27T13:55:23,636 | DEBUG | PooledByteBufAllocator | ioTasksDispatcher | -Dio.netty.allocator.numHeapArenas: 8
2017-01-27T13:55:23,637 | DEBUG | PooledByteBufAllocator | ioTasksDispatcher | -Dio.netty.allocator.numDirectArenas: 8
2017-01-27T13:55:23,637 | DEBUG | PooledByteBufAllocator | ioTasksDispatcher | -Dio.netty.allocator.pageSize: 8192
2017-01-27T13:55:23,637 | DEBUG | PooledByteBufAllocator | ioTasksDispatcher | -Dio.netty.allocator.maxOrder: 11
2017-01-27T13:55:23,637 | DEBUG | PooledByteBufAllocator | ioTasksDispatcher | -Dio.netty.allocator.chunkSize: 16777216
2017-01-27T13:55:23,638 | DEBUG | PooledByteBufAllocator | ioTasksDispatcher | -Dio.netty.allocator.tinyCacheSize: 512
2017-01-27T13:55:23,638 | DEBUG | PooledByteBufAllocator | ioTasksDispatcher | -Dio.netty.allocator.smallCacheSize: 256
2017-01-27T13:55:23,638 | DEBUG | PooledByteBufAllocator | ioTasksDispatcher | -Dio.netty.allocator.normalCacheSize: 64
2017-01-27T13:55:23,638 | DEBUG | PooledByteBufAllocator | ioTasksDispatcher | -Dio.netty.allocator.maxCachedBufferCapacity: 32768
2017-01-27T13:55:23,638 | DEBUG | PooledByteBufAllocator | ioTasksDispatcher | -Dio.netty.allocator.cacheTrimInterval: 8192
2017-01-27T13:55:23,648 | DEBUG | ByteBufUtil | ioTasksDispatcher | -Dio.netty.allocator.type: pooled
2017-01-27T13:55:23,649 | DEBUG | ByteBufUtil | ioTasksDispatcher | -Dio.netty.threadLocalDirectBufferSize: 65536
2017-01-27T13:55:23,649 | DEBUG | ByteBufUtil | ioTasksDispatcher | -Dio.netty.maxThreadLocalCharBufferSize: 16384
2017-01-27T13:55:23,710 | DEBUG | AbstractByteBuf | ioWorker#1 | -Dio.netty.buffer.bytebuf.checkAccessible: true
2017-01-27T13:55:23,712 | DEBUG | ResourceLeakDetectorFactory | ioWorker#1 | Loaded default ResourceLeakDetector: io.netty.util.ResourceLeakDetector@48406f6b
2017-01-27T13:55:23,721 | DEBUG | JavassistTypeParameterMatcherGenerator | ioWorker#1 | Generated: io.netty.util.internal.__matchers__.io.netty.handler.codec.http.HttpObjectMatcher
2017-01-27T13:55:23,724 | DEBUG | JavassistTypeParameterMatcherGenerator | ioWorker#1 | Generated: io.netty.util.internal.__matchers__.java.net.InetSocketAddressMatcher
2017-01-27T13:55:23,745 | DEBUG | Recycler | ioTasksDispatcher | -Dio.netty.recycler.maxCapacityPerThread: 32768
2017-01-27T13:55:23,745 | DEBUG | Recycler | ioTasksDispatcher | -Dio.netty.recycler.maxSharedCapacityFactor: 2
2017-01-27T13:55:23,745 | DEBUG | Recycler | ioTasksDispatcher | -Dio.netty.recycler.linkCapacity: 16
2017-01-27T13:55:23,745 | DEBUG | Recycler | ioTasksDispatcher | -Dio.netty.recycler.ratio: 8
2017-01-27T13:55:24,794 | INFO | BasicLoadMonitor | main | <result id="2017.01.27.13.55.22.401" StartDate="2017-01-27 13:55:23" StartTimestamp="1485525323520" EndDate="2017-01-27 13:55:24" EndTimestamp="1485525324793" operation="UPDATE" threads="1" RequestThreads="1" clients="1" error="0" runtime="1.273" filesize="1MB" tps="736.0565593087196" tps_unit="Fileps" bw="37.74063472942583" bw_unit="MBps" latency="254.63900862068965" latency_unit="us" latency_min="65" latency_loq="103" latency_med="133" latency_hiq="182" latency_max="35020" duration="810.9519743863394" duration_unit="us" duration_min="228" duration_loq="363" duration_med="485" duration_hiq="694" duration_max="80163" />

2017-01-27T13:55:25,764 | DEBUG | PoolThreadCache | threadDeathWatcher-2-1 | Freed 30 thread-local buffer(s) from thread: ioWorker#1
