2017-01-27T13:30:19,862 | DEBUG | InternalLoggerFactory | main | Using java.util.logging as the default logging framework
2017-01-27T13:30:19,866 | DEBUG | MultithreadEventLoopGroup | main | -Dio.netty.eventLoopThreads: 8
2017-01-27T13:30:19,889 | DEBUG | PlatformDependent0 | main | java.nio.Buffer.address: available
2017-01-27T13:30:19,890 | DEBUG | PlatformDependent0 | main | sun.misc.Unsafe.theUnsafe: available
2017-01-27T13:30:19,890 | DEBUG | PlatformDependent0 | main | sun.misc.Unsafe.copyMemory: available
2017-01-27T13:30:19,891 | DEBUG | PlatformDependent0 | main | direct buffer constructor: available
2017-01-27T13:30:19,892 | DEBUG | PlatformDependent0 | main | java.nio.Bits.unaligned: available, true
2017-01-27T13:30:19,892 | DEBUG | PlatformDependent0 | main | java.nio.DirectByteBuffer.<init>(long, int): available
2017-01-27T13:30:19,893 | DEBUG | Cleaner0 | main | java.nio.ByteBuffer.cleaner(): available
2017-01-27T13:30:19,894 | DEBUG | PlatformDependent | main | Java version: 8
2017-01-27T13:30:19,894 | DEBUG | PlatformDependent | main | -Dio.netty.noUnsafe: false
2017-01-27T13:30:19,894 | DEBUG | PlatformDependent | main | sun.misc.Unsafe: available
2017-01-27T13:30:19,895 | DEBUG | PlatformDependent | main | -Dio.netty.noJavassist: false
2017-01-27T13:30:19,959 | DEBUG | PlatformDependent | main | Javassist: available
2017-01-27T13:30:19,959 | DEBUG | PlatformDependent | main | -Dio.netty.tmpdir: /tmp (java.io.tmpdir)
2017-01-27T13:30:19,959 | DEBUG | PlatformDependent | main | -Dio.netty.bitMode: 64 (sun.arch.data.model)
2017-01-27T13:30:19,959 | DEBUG | PlatformDependent | main | -Dio.netty.noPreferDirect: false
2017-01-27T13:30:19,960 | DEBUG | PlatformDependent | main | io.netty.maxDirectMemory: 3728736256 bytes
2017-01-27T13:30:19,976 | DEBUG | PlatformDependent | main | org.jctools-core.MpscChunkedArrayQueue: available
2017-01-27T13:30:19,983 | DEBUG | NativeLibraryLoader | main | -Dio.netty.tmpdir: /tmp (java.io.tmpdir)
2017-01-27T13:30:19,983 | DEBUG | NativeLibraryLoader | main | -Dio.netty.native.workdir: /tmp (io.netty.tmpdir)
2017-01-27T13:30:19,999 | DEBUG | NetUtil | main | -Djava.net.preferIPv4Stack: false
2017-01-27T13:30:20,000 | DEBUG | NetUtil | main | -Djava.net.preferIPv6Addresses: false
2017-01-27T13:30:20,000 | DEBUG | NetUtil | main | Loopback interface: lo (lo, 0:0:0:0:0:0:0:1%lo)
2017-01-27T13:30:20,001 | DEBUG | NetUtil | main | /proc/sys/net/core/somaxconn: 128
2017-01-27T13:30:20,081 | DEBUG | DefaultChannelId | main | -Dio.netty.processId: 27879 (auto-detected)
2017-01-27T13:30:20,082 | DEBUG | DefaultChannelId | main | -Dio.netty.machineId: 40:2c:f4:ff:fe:e9:16:17 (auto-detected)
2017-01-27T13:30:20,083 | DEBUG | ThreadLocalRandom | main | -Dio.netty.initialSeedUniquifier: 0x00a777cf41d07e46
2017-01-27T13:30:20,093 | DEBUG | ResourceLeakDetector | main | -Dio.netty.leakDetection.level: simple
2017-01-27T13:30:20,093 | DEBUG | ResourceLeakDetector | main | -Dio.netty.leakDetection.maxRecords: 4
2017-01-27T13:30:20,106 | DEBUG | PooledByteBufAllocator | main | -Dio.netty.allocator.numHeapArenas: 8
2017-01-27T13:30:20,106 | DEBUG | PooledByteBufAllocator | main | -Dio.netty.allocator.numDirectArenas: 8
2017-01-27T13:30:20,106 | DEBUG | PooledByteBufAllocator | main | -Dio.netty.allocator.pageSize: 8192
2017-01-27T13:30:20,106 | DEBUG | PooledByteBufAllocator | main | -Dio.netty.allocator.maxOrder: 11
2017-01-27T13:30:20,106 | DEBUG | PooledByteBufAllocator | main | -Dio.netty.allocator.chunkSize: 16777216
2017-01-27T13:30:20,106 | DEBUG | PooledByteBufAllocator | main | -Dio.netty.allocator.tinyCacheSize: 512
2017-01-27T13:30:20,106 | DEBUG | PooledByteBufAllocator | main | -Dio.netty.allocator.smallCacheSize: 256
2017-01-27T13:30:20,106 | DEBUG | PooledByteBufAllocator | main | -Dio.netty.allocator.normalCacheSize: 64
2017-01-27T13:30:20,107 | DEBUG | PooledByteBufAllocator | main | -Dio.netty.allocator.maxCachedBufferCapacity: 32768
2017-01-27T13:30:20,107 | DEBUG | PooledByteBufAllocator | main | -Dio.netty.allocator.cacheTrimInterval: 8192
2017-01-27T13:30:20,114 | DEBUG | ByteBufUtil | main | -Dio.netty.allocator.type: pooled
2017-01-27T13:30:20,114 | DEBUG | ByteBufUtil | main | -Dio.netty.threadLocalDirectBufferSize: 65536
2017-01-27T13:30:20,114 | DEBUG | ByteBufUtil | main | -Dio.netty.maxThreadLocalCharBufferSize: 16384
2017-01-27T13:30:20,138 | DEBUG | AbstractByteBuf | ioWorker#1 | -Dio.netty.buffer.bytebuf.checkAccessible: true
2017-01-27T13:30:20,139 | DEBUG | ResourceLeakDetectorFactory | ioWorker#1 | Loaded default ResourceLeakDetector: io.netty.util.ResourceLeakDetector@1de57ebb
2017-01-27T13:30:20,148 | DEBUG | JavassistTypeParameterMatcherGenerator | ioWorker#1 | Generated: io.netty.util.internal.__matchers__.io.netty.handler.codec.http.HttpObjectMatcher
2017-01-27T13:30:20,151 | DEBUG | JavassistTypeParameterMatcherGenerator | ioWorker#1 | Generated: io.netty.util.internal.__matchers__.java.net.InetSocketAddressMatcher
2017-01-27T13:30:20,163 | DEBUG | Recycler | main | -Dio.netty.recycler.maxCapacityPerThread: 32768
2017-01-27T13:30:20,163 | DEBUG | Recycler | main | -Dio.netty.recycler.maxSharedCapacityFactor: 2
2017-01-27T13:30:20,163 | DEBUG | Recycler | main | -Dio.netty.recycler.linkCapacity: 16
2017-01-27T13:30:20,163 | DEBUG | Recycler | main | -Dio.netty.recycler.ratio: 8
2017-01-27T13:30:21,241 | INFO | BasicLoadMonitor | main | <result id="2017.01.27.13.30.19.001" StartDate="2017-01-27 13:30:20" StartTimestamp="1485523820218" EndDate="2017-01-27 13:30:21" EndTimestamp="1485523821235" operation="CREATE" threads="1" RequestThreads="1" clients="1" error="0" runtime="1.017" filesize="1MB" tps="983.284169124877" tps_unit="Fileps" bw="983.284169124877" bw_unit="MBps" latency="269.96" latency_unit="us" latency_min="41" latency_loq="115" latency_med="156" latency_hiq="233" latency_max="50271" duration="820.976" duration_unit="us" duration_min="408" duration_loq="547" duration_med="648" duration_hiq="790" duration_max="51184" />

