2018-10-03T13:05:34,502 | DEBUG |  | main | The file /home/user/.mongoose/4.1.0/config/defaults.json already exists, checking the checksum
2018-10-03T13:05:34,504 | DEBUG |  | main | The destination file "/home/user/.mongoose/4.1.0/config/defaults.json" has the same checksum (98d37457) as source, skipping
2018-10-03T13:05:34,504 | DEBUG |  | main | The file /home/user/.mongoose/4.1.0/example/content/textexample already exists, checking the checksum
2018-10-03T13:05:34,505 | DEBUG |  | main | The destination file "/home/user/.mongoose/4.1.0/example/content/textexample" has the same checksum (a3acaeba) as source, skipping
2018-10-03T13:05:34,505 | DEBUG |  | main | The file /home/user/.mongoose/4.1.0/example/content/zerobytes already exists, checking the checksum
2018-10-03T13:05:34,510 | DEBUG |  | main | The destination file "/home/user/.mongoose/4.1.0/example/content/zerobytes" has the same checksum (f00001) as source, skipping
2018-10-03T13:05:34,510 | DEBUG |  | main | The file /home/user/.mongoose/4.1.0/example/scenario/groovy/types/additional/copy_load_using_env_vars.groovy already exists, checking the checksum
2018-10-03T13:05:34,510 | DEBUG |  | main | The destination file "/home/user/.mongoose/4.1.0/example/scenario/groovy/types/additional/copy_load_using_env_vars.groovy" has the same checksum (3c7d9458) as source, skipping
2018-10-03T13:05:34,510 | DEBUG |  | main | The file /home/user/.mongoose/4.1.0/example/scenario/groovy/types/additional/load_type.groovy already exists, checking the checksum
2018-10-03T13:05:34,510 | DEBUG |  | main | The destination file "/home/user/.mongoose/4.1.0/example/scenario/groovy/types/additional/load_type.groovy" has the same checksum (b3c12b5f) as source, skipping
2018-10-03T13:05:34,510 | DEBUG |  | main | The file /home/user/.mongoose/4.1.0/example/scenario/groovy/types/additional/update_and_read_variants.groovy already exists, checking the checksum
2018-10-03T13:05:34,511 | DEBUG |  | main | The destination file "/home/user/.mongoose/4.1.0/example/scenario/groovy/types/additional/update_and_read_variants.groovy" has the same checksum (9c5168e3) as source, skipping
2018-10-03T13:05:34,511 | DEBUG |  | main | The file /home/user/.mongoose/4.1.0/example/scenario/groovy/types/pipeline.groovy already exists, checking the checksum
2018-10-03T13:05:34,511 | DEBUG |  | main | The destination file "/home/user/.mongoose/4.1.0/example/scenario/groovy/types/pipeline.groovy" has the same checksum (f39218a1) as source, skipping
2018-10-03T13:05:34,511 | DEBUG |  | main | The file /home/user/.mongoose/4.1.0/example/scenario/groovy/types/pipeline_with_delay_using_env_vars.groovy already exists, checking the checksum
2018-10-03T13:05:34,511 | DEBUG |  | main | The destination file "/home/user/.mongoose/4.1.0/example/scenario/groovy/types/pipeline_with_delay_using_env_vars.groovy" has the same checksum (f05eec83) as source, skipping
2018-10-03T13:05:34,511 | DEBUG |  | main | The file /home/user/.mongoose/4.1.0/example/scenario/groovy/types/parallel_shell_commands.groovy already exists, checking the checksum
2018-10-03T13:05:34,511 | DEBUG |  | main | The destination file "/home/user/.mongoose/4.1.0/example/scenario/groovy/types/parallel_shell_commands.groovy" has the same checksum (dd1832b8) as source, skipping
2018-10-03T13:05:34,511 | DEBUG |  | main | The file /home/user/.mongoose/4.1.0/example/scenario/groovy/types/weighted.groovy already exists, checking the checksum
2018-10-03T13:05:34,512 | DEBUG |  | main | The destination file "/home/user/.mongoose/4.1.0/example/scenario/groovy/types/weighted.groovy" has the same checksum (314cd1db) as source, skipping
2018-10-03T13:05:34,512 | DEBUG |  | main | The file /home/user/.mongoose/4.1.0/example/scenario/groovy/default.groovy already exists, checking the checksum
2018-10-03T13:05:34,512 | DEBUG |  | main | The destination file "/home/user/.mongoose/4.1.0/example/scenario/groovy/default.groovy" has the same checksum (75bd0fa1) as source, skipping
2018-10-03T13:05:34,512 | DEBUG |  | main | The file /home/user/.mongoose/4.1.0/example/scenario/groovy/rampup.groovy already exists, checking the checksum
2018-10-03T13:05:34,512 | DEBUG |  | main | The destination file "/home/user/.mongoose/4.1.0/example/scenario/groovy/rampup.groovy" has the same checksum (1dba462e) as source, skipping
2018-10-03T13:05:34,512 | DEBUG |  | main | The file /home/user/.mongoose/4.1.0/example/scenario/js/backward_compatibility.js already exists, checking the checksum
2018-10-03T13:05:34,512 | DEBUG |  | main | The destination file "/home/user/.mongoose/4.1.0/example/scenario/js/backward_compatibility.js" has the same checksum (b5dd4bd0) as source, skipping
2018-10-03T13:05:34,512 | DEBUG |  | main | The file /home/user/.mongoose/4.1.0/example/scenario/js/infinite_loop.js already exists, checking the checksum
2018-10-03T13:05:34,513 | DEBUG |  | main | The destination file "/home/user/.mongoose/4.1.0/example/scenario/js/infinite_loop.js" has the same checksum (c6271bd2) as source, skipping
2018-10-03T13:05:34,513 | DEBUG |  | main | The file /home/user/.mongoose/4.1.0/example/scenario/js/types/additional/copy_load_using_env_vars.js already exists, checking the checksum
2018-10-03T13:05:34,513 | DEBUG |  | main | The destination file "/home/user/.mongoose/4.1.0/example/scenario/js/types/additional/copy_load_using_env_vars.js" has the same checksum (d01d8383) as source, skipping
2018-10-03T13:05:34,513 | DEBUG |  | main | The file /home/user/.mongoose/4.1.0/example/scenario/js/types/additional/load_type.js already exists, checking the checksum
2018-10-03T13:05:34,513 | DEBUG |  | main | The destination file "/home/user/.mongoose/4.1.0/example/scenario/js/types/additional/load_type.js" has the same checksum (9ef7268f) as source, skipping
2018-10-03T13:05:34,513 | DEBUG |  | main | The file /home/user/.mongoose/4.1.0/example/scenario/js/types/additional/update_and_read_variants.js already exists, checking the checksum
2018-10-03T13:05:34,513 | DEBUG |  | main | The destination file "/home/user/.mongoose/4.1.0/example/scenario/js/types/additional/update_and_read_variants.js" has the same checksum (fbb660e5) as source, skipping
2018-10-03T13:05:34,513 | DEBUG |  | main | The file /home/user/.mongoose/4.1.0/example/scenario/js/types/pipeline.js already exists, checking the checksum
2018-10-03T13:05:34,513 | DEBUG |  | main | The destination file "/home/user/.mongoose/4.1.0/example/scenario/js/types/pipeline.js" has the same checksum (8db125a1) as source, skipping
2018-10-03T13:05:34,513 | DEBUG |  | main | The file /home/user/.mongoose/4.1.0/example/scenario/js/types/pipeline_with_delay_using_env_vars.js already exists, checking the checksum
2018-10-03T13:05:34,514 | DEBUG |  | main | The destination file "/home/user/.mongoose/4.1.0/example/scenario/js/types/pipeline_with_delay_using_env_vars.js" has the same checksum (d503e6dc) as source, skipping
2018-10-03T13:05:34,514 | DEBUG |  | main | The file /home/user/.mongoose/4.1.0/example/scenario/js/types/parallel_shell_commands.js already exists, checking the checksum
2018-10-03T13:05:34,514 | DEBUG |  | main | The destination file "/home/user/.mongoose/4.1.0/example/scenario/js/types/parallel_shell_commands.js" has the same checksum (95177d3c) as source, skipping
2018-10-03T13:05:34,514 | DEBUG |  | main | The file /home/user/.mongoose/4.1.0/example/scenario/js/types/weighted.js already exists, checking the checksum
2018-10-03T13:05:34,514 | DEBUG |  | main | The destination file "/home/user/.mongoose/4.1.0/example/scenario/js/types/weighted.js" has the same checksum (e1705e8c) as source, skipping
2018-10-03T13:05:34,514 | DEBUG |  | main | The file /home/user/.mongoose/4.1.0/example/scenario/js/rampup.js already exists, checking the checksum
2018-10-03T13:05:34,514 | DEBUG |  | main | The destination file "/home/user/.mongoose/4.1.0/example/scenario/js/rampup.js" has the same checksum (c9b5f68) as source, skipping
2018-10-03T13:05:34,514 | DEBUG |  | main | The file /home/user/.mongoose/4.1.0/example/scenario/js/default.js already exists, checking the checksum
2018-10-03T13:05:34,515 | DEBUG |  | main | The destination file "/home/user/.mongoose/4.1.0/example/scenario/js/default.js" has the same checksum (1abc039a) as source, skipping
2018-10-03T13:05:34,515 | DEBUG |  | main | The file /home/user/.mongoose/4.1.0/example/scenario/js/endurance/infinite_loop_test.js already exists, checking the checksum
2018-10-03T13:05:34,515 | DEBUG |  | main | The destination file "/home/user/.mongoose/4.1.0/example/scenario/js/endurance/infinite_loop_test.js" has the same checksum (f1da52c0) as source, skipping
2018-10-03T13:05:34,515 | DEBUG |  | main | The file /home/user/.mongoose/4.1.0/example/scenario/js/endurance/parallel_pipeline_and_infinite_loop_test.js already exists, checking the checksum
2018-10-03T13:05:34,515 | DEBUG |  | main | The destination file "/home/user/.mongoose/4.1.0/example/scenario/js/endurance/parallel_pipeline_and_infinite_loop_test.js" has the same checksum (72e71cb1) as source, skipping
2018-10-03T13:05:34,515 | DEBUG |  | main | The file /home/user/.mongoose/4.1.0/example/scenario/js/endurance/pipeline_test.js already exists, checking the checksum
2018-10-03T13:05:34,515 | DEBUG |  | main | The destination file "/home/user/.mongoose/4.1.0/example/scenario/js/endurance/pipeline_test.js" has the same checksum (ff7bc900) as source, skipping
2018-10-03T13:05:34,515 | DEBUG |  | main | The file /home/user/.mongoose/4.1.0/example/scenario/js/system/circular_append_test.js already exists, checking the checksum
2018-10-03T13:05:34,515 | DEBUG |  | main | The destination file "/home/user/.mongoose/4.1.0/example/scenario/js/system/circular_append_test.js" has the same checksum (35d7b5b4) as source, skipping
2018-10-03T13:05:34,515 | DEBUG |  | main | The file /home/user/.mongoose/4.1.0/example/scenario/js/system/copy_using_input_path_test.js already exists, checking the checksum
2018-10-03T13:05:34,517 | DEBUG |  | main | The destination file "/home/user/.mongoose/4.1.0/example/scenario/js/system/copy_using_input_path_test.js" has the same checksum (e20bdfa6) as source, skipping
2018-10-03T13:05:34,517 | DEBUG |  | main | The file /home/user/.mongoose/4.1.0/example/scenario/js/system/read_using_variable_path_test.js already exists, checking the checksum
2018-10-03T13:05:34,517 | DEBUG |  | main | The destination file "/home/user/.mongoose/4.1.0/example/scenario/js/system/read_using_variable_path_test.js" has the same checksum (cf95a913) as source, skipping
2018-10-03T13:05:34,517 | DEBUG |  | main | The file /home/user/.mongoose/4.1.0/example/scenario/js/system/circular_read_limit_by_time_test.js already exists, checking the checksum
2018-10-03T13:05:34,517 | DEBUG |  | main | The destination file "/home/user/.mongoose/4.1.0/example/scenario/js/system/circular_read_limit_by_time_test.js" has the same checksum (37cda5b7) as source, skipping
2018-10-03T13:05:34,517 | DEBUG |  | main | The file /home/user/.mongoose/4.1.0/example/scenario/js/system/chain_with_delay_test.js already exists, checking the checksum
2018-10-03T13:05:34,517 | DEBUG |  | main | The destination file "/home/user/.mongoose/4.1.0/example/scenario/js/system/chain_with_delay_test.js" has the same checksum (d07c6323) as source, skipping
2018-10-03T13:05:34,517 | DEBUG |  | main | The file /home/user/.mongoose/4.1.0/example/scenario/js/system/multipart_create_test.js already exists, checking the checksum
2018-10-03T13:05:34,517 | DEBUG |  | main | The destination file "/home/user/.mongoose/4.1.0/example/scenario/js/system/multipart_create_test.js" has the same checksum (b1a9847) as source, skipping
2018-10-03T13:05:34,517 | DEBUG |  | main | The file /home/user/.mongoose/4.1.0/example/scenario/js/system/multiple_fixed_update_and_single_fixed_read_test.js already exists, checking the checksum
2018-10-03T13:05:34,517 | DEBUG |  | main | The destination file "/home/user/.mongoose/4.1.0/example/scenario/js/system/multiple_fixed_update_and_single_fixed_read_test.js" has the same checksum (12b9ce70) as source, skipping
2018-10-03T13:05:34,518 | DEBUG |  | main | The file /home/user/.mongoose/4.1.0/example/scenario/js/system/multiple_random_update_and_multiple_fixed_read_test.js already exists, checking the checksum
2018-10-03T13:05:34,518 | DEBUG |  | main | The destination file "/home/user/.mongoose/4.1.0/example/scenario/js/system/multiple_random_update_and_multiple_fixed_read_test.js" has the same checksum (7123c543) as source, skipping
2018-10-03T13:05:34,518 | DEBUG |  | main | The file /home/user/.mongoose/4.1.0/example/scenario/js/system/read_custom_content_verification_fail_test.js already exists, checking the checksum
2018-10-03T13:05:34,518 | DEBUG |  | main | The destination file "/home/user/.mongoose/4.1.0/example/scenario/js/system/read_custom_content_verification_fail_test.js" has the same checksum (972bfb69) as source, skipping
2018-10-03T13:05:34,518 | DEBUG |  | main | The file /home/user/.mongoose/4.1.0/example/scenario/js/system/read_verification_after_circular_update_test.js already exists, checking the checksum
2018-10-03T13:05:34,518 | DEBUG |  | main | The destination file "/home/user/.mongoose/4.1.0/example/scenario/js/system/read_verification_after_circular_update_test.js" has the same checksum (583667fe) as source, skipping
2018-10-03T13:05:34,518 | DEBUG |  | main | The file /home/user/.mongoose/4.1.0/example/scenario/js/system/single_fixed_update_and_single_random_read_test.js already exists, checking the checksum
2018-10-03T13:05:34,519 | DEBUG |  | main | The destination file "/home/user/.mongoose/4.1.0/example/scenario/js/system/single_fixed_update_and_single_random_read_test.js" has the same checksum (39dcbd75) as source, skipping
2018-10-03T13:05:34,519 | DEBUG |  | main | The file /home/user/.mongoose/4.1.0/example/scenario/js/system/single_random_update_and_multiple_random_read_test.js already exists, checking the checksum
2018-10-03T13:05:34,519 | DEBUG |  | main | The destination file "/home/user/.mongoose/4.1.0/example/scenario/js/system/single_random_update_and_multiple_random_read_test.js" has the same checksum (adf4b83c) as source, skipping
2018-10-03T13:05:34,519 | DEBUG |  | main | The file /home/user/.mongoose/4.1.0/example/scenario/js/system/unlimited_concurrency_limit_by_rate_test.js already exists, checking the checksum
2018-10-03T13:05:34,519 | DEBUG |  | main | The destination file "/home/user/.mongoose/4.1.0/example/scenario/js/system/unlimited_concurrency_limit_by_rate_test.js" has the same checksum (bb23a82) as source, skipping
2018-10-03T13:05:34,519 | DEBUG |  | main | The file /home/user/.mongoose/4.1.0/example/scenario/js/system/weighted_load_test.js already exists, checking the checksum
2018-10-03T13:05:34,520 | DEBUG |  | main | The destination file "/home/user/.mongoose/4.1.0/example/scenario/js/system/weighted_load_test.js" has the same checksum (c906fc54) as source, skipping
2018-10-03T13:05:34,520 | DEBUG |  | main | The file /home/user/.mongoose/4.1.0/example/scenario/py/types/additional/copy_load_using_env_vars.py already exists, checking the checksum
2018-10-03T13:05:34,520 | DEBUG |  | main | The destination file "/home/user/.mongoose/4.1.0/example/scenario/py/types/additional/copy_load_using_env_vars.py" has the same checksum (5b7c81ea) as source, skipping
2018-10-03T13:05:34,520 | DEBUG |  | main | The file /home/user/.mongoose/4.1.0/example/scenario/py/types/additional/load_type.py already exists, checking the checksum
2018-10-03T13:05:34,520 | DEBUG |  | main | The destination file "/home/user/.mongoose/4.1.0/example/scenario/py/types/additional/load_type.py" has the same checksum (17682a5b) as source, skipping
2018-10-03T13:05:34,521 | DEBUG |  | main | The file /home/user/.mongoose/4.1.0/example/scenario/py/types/additional/update_and_read_variants.py already exists, checking the checksum
2018-10-03T13:05:34,521 | DEBUG |  | main | The destination file "/home/user/.mongoose/4.1.0/example/scenario/py/types/additional/update_and_read_variants.py" has the same checksum (4e9c62ad) as source, skipping
2018-10-03T13:05:34,521 | DEBUG |  | main | The file /home/user/.mongoose/4.1.0/example/scenario/py/types/pipeline.py already exists, checking the checksum
2018-10-03T13:05:34,521 | DEBUG |  | main | The destination file "/home/user/.mongoose/4.1.0/example/scenario/py/types/pipeline.py" has the same checksum (86ce0505) as source, skipping
2018-10-03T13:05:34,521 | DEBUG |  | main | The file /home/user/.mongoose/4.1.0/example/scenario/py/types/pipeline_with_delay_using_env_vars.py already exists, checking the checksum
2018-10-03T13:05:34,521 | DEBUG |  | main | The destination file "/home/user/.mongoose/4.1.0/example/scenario/py/types/pipeline_with_delay_using_env_vars.py" has the same checksum (6ef6dedd) as source, skipping
2018-10-03T13:05:34,521 | DEBUG |  | main | The file /home/user/.mongoose/4.1.0/example/scenario/py/types/parallel_shell_commands.py already exists, checking the checksum
2018-10-03T13:05:34,522 | DEBUG |  | main | The destination file "/home/user/.mongoose/4.1.0/example/scenario/py/types/parallel_shell_commands.py" has the same checksum (c414546f) as source, skipping
2018-10-03T13:05:34,522 | DEBUG |  | main | The file /home/user/.mongoose/4.1.0/example/scenario/py/types/weighted.py already exists, checking the checksum
2018-10-03T13:05:34,522 | DEBUG |  | main | The destination file "/home/user/.mongoose/4.1.0/example/scenario/py/types/weighted.py" has the same checksum (d578db51) as source, skipping
2018-10-03T13:05:34,522 | DEBUG |  | main | The file /home/user/.mongoose/4.1.0/example/scenario/py/default.py already exists, checking the checksum
2018-10-03T13:05:34,522 | DEBUG |  | main | The destination file "/home/user/.mongoose/4.1.0/example/scenario/py/default.py" has the same checksum (16f1035f) as source, skipping
2018-10-03T13:05:34,522 | DEBUG |  | main | The file /home/user/.mongoose/4.1.0/example/scenario/py/rampup.py already exists, checking the checksum
2018-10-03T13:05:34,523 | DEBUG |  | main | The destination file "/home/user/.mongoose/4.1.0/example/scenario/py/rampup.py" has the same checksum (ba6310fb) as source, skipping
2018-10-03T13:05:34,523 | DEBUG |  | main | The file /home/user/.mongoose/4.1.0/ext/mongoose-load-step-linear.jar already exists, checking the checksum
2018-10-03T13:05:34,523 | DEBUG |  | main | The destination file "/home/user/.mongoose/4.1.0/ext/mongoose-load-step-linear.jar" has the same checksum (a85024fa) as source, skipping
2018-10-03T13:05:34,523 | DEBUG |  | main | The file /home/user/.mongoose/4.1.0/ext/mongoose-load-step-pipeline.jar already exists, checking the checksum
2018-10-03T13:05:34,523 | DEBUG |  | main | The destination file "/home/user/.mongoose/4.1.0/ext/mongoose-load-step-pipeline.jar" has the same checksum (1d7a73fa) as source, skipping
2018-10-03T13:05:34,523 | DEBUG |  | main | The file /home/user/.mongoose/4.1.0/ext/mongoose-load-step-weighted.jar already exists, checking the checksum
2018-10-03T13:05:34,523 | DEBUG |  | main | The destination file "/home/user/.mongoose/4.1.0/ext/mongoose-load-step-weighted.jar" has the same checksum (5d359283) as source, skipping
2018-10-03T13:05:34,525 | DEBUG |  | main | The file /home/user/.mongoose/4.1.0/ext/mongoose-storage-driver-coop.jar already exists, checking the checksum
2018-10-03T13:05:34,525 | DEBUG |  | main | The destination file "/home/user/.mongoose/4.1.0/ext/mongoose-storage-driver-coop.jar" has the same checksum (e8c8e256) as source, skipping
2018-10-03T13:05:34,525 | DEBUG |  | main | The file /home/user/.mongoose/4.1.0/ext/mongoose-storage-driver-coop-netty.jar already exists, checking the checksum
2018-10-03T13:05:34,552 | DEBUG |  | main | The destination file "/home/user/.mongoose/4.1.0/ext/mongoose-storage-driver-coop-netty.jar" has the same checksum (cbab04b6) as source, skipping
2018-10-03T13:05:34,552 | DEBUG |  | main | The file /home/user/.mongoose/4.1.0/ext/mongoose-storage-driver-coop-netty-http.jar already exists, checking the checksum
2018-10-03T13:05:34,557 | DEBUG |  | main | The destination file "/home/user/.mongoose/4.1.0/ext/mongoose-storage-driver-coop-netty-http.jar" has the same checksum (88db4288) as source, skipping
2018-10-03T13:05:34,557 | DEBUG |  | main | The file /home/user/.mongoose/4.1.0/ext/mongoose-storage-driver-coop-netty-http-atmos.jar already exists, checking the checksum
2018-10-03T13:05:34,557 | DEBUG |  | main | The destination file "/home/user/.mongoose/4.1.0/ext/mongoose-storage-driver-coop-netty-http-atmos.jar" has the same checksum (f36a3f81) as source, skipping
2018-10-03T13:05:34,557 | DEBUG |  | main | The file /home/user/.mongoose/4.1.0/ext/mongoose-storage-driver-coop-netty-http-s3.jar already exists, checking the checksum
2018-10-03T13:05:34,558 | DEBUG |  | main | The destination file "/home/user/.mongoose/4.1.0/ext/mongoose-storage-driver-coop-netty-http-s3.jar" has the same checksum (daaaba86) as source, skipping
2018-10-03T13:05:34,558 | DEBUG |  | main | The file /home/user/.mongoose/4.1.0/ext/mongoose-storage-driver-coop-netty-http-swift.jar already exists, checking the checksum
2018-10-03T13:05:34,558 | DEBUG |  | main | The destination file "/home/user/.mongoose/4.1.0/ext/mongoose-storage-driver-coop-netty-http-swift.jar" has the same checksum (6586c575) as source, skipping
2018-10-03T13:05:34,558 | DEBUG |  | main | The file /home/user/.mongoose/4.1.0/ext/mongoose-storage-driver-coop-nio.jar already exists, checking the checksum
2018-10-03T13:05:34,559 | DEBUG |  | main | The destination file "/home/user/.mongoose/4.1.0/ext/mongoose-storage-driver-coop-nio.jar" has the same checksum (1d98b13f) as source, skipping
2018-10-03T13:05:34,559 | DEBUG |  | main | The file /home/user/.mongoose/4.1.0/ext/mongoose-storage-driver-coop-nio-fs.jar already exists, checking the checksum
2018-10-03T13:05:34,559 | DEBUG |  | main | The destination file "/home/user/.mongoose/4.1.0/ext/mongoose-storage-driver-coop-nio-fs.jar" has the same checksum (ef1c2e0a) as source, skipping
2018-10-03T13:05:34,559 | DEBUG |  | main | The file /home/user/.mongoose/4.1.0/ext/mongoose-storage-driver-preempt.jar already exists, checking the checksum
2018-10-03T13:05:34,559 | DEBUG |  | main | The destination file "/home/user/.mongoose/4.1.0/ext/mongoose-storage-driver-preempt.jar" has the same checksum (c5691eda) as source, skipping
2018-10-03T13:05:34,559 | DEBUG |  | main | Installer finished: "com.emc.mongoose.env.CoreResourcesToInstall"
2018-10-03T13:05:34,584 | DEBUG |  | main | Installer finished: "com.emc.mongoose.storage.driver.mock.DummyStorageDriverMockExtension"
2018-10-03T13:05:34,584 | DEBUG |  | main | Installer finished: "com.emc.mongoose.storage.driver.coop.nio.fs.FileStorageDriverExtension"
2018-10-03T13:05:34,584 | DEBUG |  | main | The file /home/user/.mongoose/4.1.0/config/defaults-storage-net.json already exists, checking the checksum
2018-10-03T13:05:34,584 | DEBUG |  | main | The destination file "/home/user/.mongoose/4.1.0/config/defaults-storage-net.json" has the same checksum (d04f07c9) as source, skipping
2018-10-03T13:05:34,584 | DEBUG |  | main | Installer finished: "com.emc.mongoose.storage.driver.coop.netty.NettyStorageDriverExtension"
2018-10-03T13:05:34,584 | DEBUG |  | main | Installer finished: "com.emc.mongoose.storage.driver.coop.netty.mock.NettyStorageDriverMockExtension"
2018-10-03T13:05:34,584 | DEBUG |  | main | Installer finished: "com.emc.mongoose.storage.driver.coop.mock.CoopStorageDriverMockExtension"
2018-10-03T13:05:34,584 | DEBUG |  | main | Installer finished: "com.emc.mongoose.load.step.linear.LinearLoadStepExtension"
2018-10-03T13:05:34,584 | DEBUG |  | main | The file /home/user/.mongoose/4.1.0/config/defaults-item-output-delay.json already exists, checking the checksum
2018-10-03T13:05:34,585 | DEBUG |  | main | The destination file "/home/user/.mongoose/4.1.0/config/defaults-item-output-delay.json" has the same checksum (fd0b322a) as source, skipping
2018-10-03T13:05:34,585 | DEBUG |  | main | Installer finished: "com.emc.mongoose.load.step.pipeline.PipelineLoadStepExtension"
2018-10-03T13:05:34,585 | DEBUG |  | main | Installer finished: "com.emc.mongoose.storage.driver.preempt.mock.PreemptStorageDriverMockExtension"
2018-10-03T13:05:34,585 | DEBUG |  | main | The file /home/user/.mongoose/4.1.0/config/defaults-storage-s3.json already exists, checking the checksum
2018-10-03T13:05:34,585 | DEBUG |  | main | The destination file "/home/user/.mongoose/4.1.0/config/defaults-storage-s3.json" has the same checksum (128d46ed) as source, skipping
2018-10-03T13:05:34,585 | DEBUG |  | main | Installer finished: "com.emc.mongoose.storage.driver.coop.netty.http.s3.AmzS3StorageDriverExtension"
2018-10-03T13:05:34,587 | DEBUG |  | main | The file /home/user/.mongoose/4.1.0/config/defaults-storage-atmos.json already exists, checking the checksum
2018-10-03T13:05:34,587 | DEBUG |  | main | The destination file "/home/user/.mongoose/4.1.0/config/defaults-storage-atmos.json" has the same checksum (8a433660) as source, skipping
2018-10-03T13:05:34,587 | DEBUG |  | main | Installer finished: "com.emc.mongoose.storage.driver.coop.netty.http.atmos.AtmosStorageDriverExtension"
2018-10-03T13:05:34,587 | DEBUG |  | main | The file /home/user/.mongoose/4.1.0/config/defaults-load-generator-weight.json already exists, checking the checksum
2018-10-03T13:05:34,587 | DEBUG |  | main | The destination file "/home/user/.mongoose/4.1.0/config/defaults-load-generator-weight.json" has the same checksum (344824a) as source, skipping
2018-10-03T13:05:34,587 | DEBUG |  | main | Installer finished: "com.emc.mongoose.load.step.weighted.WeightedLoadStepExtension"
2018-10-03T13:05:34,587 | DEBUG |  | main | Installer finished: "com.emc.mongoose.storage.driver.coop.nio.mock.NioStorageDriverMockExtension"
2018-10-03T13:05:34,587 | DEBUG |  | main | The file /home/user/.mongoose/4.1.0/config/defaults-storage-net-http.json already exists, checking the checksum
2018-10-03T13:05:34,588 | DEBUG |  | main | The destination file "/home/user/.mongoose/4.1.0/config/defaults-storage-net-http.json" has the same checksum (5f378029) as source, skipping
2018-10-03T13:05:34,588 | DEBUG |  | main | Installer finished: "com.emc.mongoose.storage.driver.coop.netty.http.HttpStorageDriverExtension"
2018-10-03T13:05:34,588 | DEBUG |  | main | The file /home/user/.mongoose/4.1.0/config/defaults-storage-swift.json already exists, checking the checksum
2018-10-03T13:05:34,588 | DEBUG |  | main | The destination file "/home/user/.mongoose/4.1.0/config/defaults-storage-swift.json" has the same checksum (9eac5475) as source, skipping
2018-10-03T13:05:34,588 | DEBUG |  | main | Installer finished: "com.emc.mongoose.storage.driver.coop.netty.http.swift.SwiftStorageDriverExtension"
2018-10-03T13:05:34,588 | INFO |  | main | Available/installed extensions:
	dummy-mock --------------------> com.emc.mongoose.storage.driver.mock.DummyStorageDriverMockExtension
	fs ----------------------------> com.emc.mongoose.storage.driver.coop.nio.fs.FileStorageDriverExtension
	net ---------------------------> com.emc.mongoose.storage.driver.coop.netty.NettyStorageDriverExtension
	netty-mock --------------------> com.emc.mongoose.storage.driver.coop.netty.mock.NettyStorageDriverMockExtension
	coop-mock ---------------------> com.emc.mongoose.storage.driver.coop.mock.CoopStorageDriverMockExtension
	Load --------------------------> com.emc.mongoose.load.step.linear.LinearLoadStepExtension
	PipelineLoad ------------------> com.emc.mongoose.load.step.pipeline.PipelineLoadStepExtension
	preempt-mock ------------------> com.emc.mongoose.storage.driver.preempt.mock.PreemptStorageDriverMockExtension
	s3 ----------------------------> com.emc.mongoose.storage.driver.coop.netty.http.s3.AmzS3StorageDriverExtension
	atmos -------------------------> com.emc.mongoose.storage.driver.coop.netty.http.atmos.AtmosStorageDriverExtension
	WeightedLoad ------------------> com.emc.mongoose.load.step.weighted.WeightedLoadStepExtension
	nio-mock ----------------------> com.emc.mongoose.storage.driver.coop.nio.mock.NioStorageDriverMockExtension
	http --------------------------> com.emc.mongoose.storage.driver.coop.netty.http.HttpStorageDriverExtension
	swift -------------------------> com.emc.mongoose.storage.driver.coop.netty.http.swift.SwiftStorageDriverExtension

