2017-01-27T13:58:56,520 | WARN | HttpResponseHandlerBase | ioWorker#1 | UPDATE,16x0cgorymnxj,4e6491a0753050a7,1048576,1/9010,/2017.01.27.13.36.43.149,: 500 Internal Server Error
2017-01-27T13:58:56,521 | DEBUG | BasicLoadMonitor | svcTasksExecutor#2-getIoResults | item: /2017.01.27.13.36.43.149/16x0cgorymnxj, operation: UPDATE, status: RESP_FAIL_SVC
2017-01-27T13:58:56,952 | WARN | HttpResponseHandlerBase | ioWorker#1 | UPDATE,09zg8ij29j52a,123d02e7a6b04162,1048576,1/001a,/2017.01.27.13.36.43.149,: 500 Internal Server Error
2017-01-27T13:58:56,952 | DEBUG | BasicLoadMonitor | svcTasksExecutor#2-getIoResults | item: /2017.01.27.13.36.43.149/09zg8ij29j52a, operation: UPDATE, status: RESP_FAIL_SVC
2017-01-27T13:58:57,009 | WARN | HttpResponseHandlerBase | ioWorker#1 | UPDATE,1p95dr33cl1h5,6fe35037799162b9,1048576,1/020801,/2017.01.27.13.36.43.149,: 500 Internal Server Error
2017-01-27T13:58:57,009 | DEBUG | BasicLoadMonitor | svcTasksExecutor#2-getIoResults | item: /2017.01.27.13.36.43.149/1p95dr33cl1h5, operation: UPDATE, status: RESP_FAIL_SVC
2017-01-27T13:58:57,209 | WARN | HttpResponseHandlerBase | ioWorker#1 | UPDATE,1oexigxz9fwbu,6e5acbacc8b1766a,1048576,1/0062,/2017.01.27.13.36.43.149,: 500 Internal Server Error
2017-01-27T13:58:57,211 | DEBUG | BasicLoadMonitor | svcTasksExecutor#2-getIoResults | item: /2017.01.27.13.36.43.149/1oexigxz9fwbu, operation: UPDATE, status: RESP_FAIL_SVC
2017-01-27T13:58:57,445 | WARN | HttpResponseHandlerBase | ioWorker#1 | UPDATE,0cw5tgwvu18zu,178d2093c1929dca,1048576,1/040014,/2017.01.27.13.36.43.149,: 500 Internal Server Error
2017-01-27T13:58:57,446 | DEBUG | BasicLoadMonitor | svcTasksExecutor#2-getIoResults | item: /2017.01.27.13.36.43.149/0cw5tgwvu18zu, operation: UPDATE, status: RESP_FAIL_SVC
2017-01-27T13:58:57,793 | WARN | HttpResponseHandlerBase | ioWorker#1 | UPDATE,0mhy1ho739r3q,29189d0a49d31076,1048576,1/400402,/2017.01.27.13.36.43.149,: 500 Internal Server Error
2017-01-27T13:58:57,793 | DEBUG | BasicLoadMonitor | svcTasksExecutor#2-getIoResults | item: /2017.01.27.13.36.43.149/0mhy1ho739r3q, operation: UPDATE, status: RESP_FAIL_SVC
2017-01-27T13:58:57,898 | WARN | HttpResponseHandlerBase | ioWorker#1 | UPDATE,014jvqcx37oh6,20ebeaf0bd3beaa,1048576,1/0083,/2017.01.27.13.36.43.149,: 500 Internal Server Error
2017-01-27T13:58:57,899 | DEBUG | BasicLoadMonitor | svcTasksExecutor#2-getIoResults | item: /2017.01.27.13.36.43.149/014jvqcx37oh6, operation: UPDATE, status: RESP_FAIL_SVC
2017-01-27T13:58:58,050 | WARN | HttpResponseHandlerBase | ioWorker#1 | UPDATE,1bqtu99ez6w5g,57365b5ffb94b344,1048576,1/0109,/2017.01.27.13.36.43.149,: 500 Internal Server Error
2017-01-27T13:58:58,052 | DEBUG | BasicLoadMonitor | svcTasksExecutor#2-getIoResults | item: /2017.01.27.13.36.43.149/1bqtu99ez6w5g, operation: UPDATE, status: RESP_FAIL_SVC
2017-01-27T13:58:58,118 | WARN | HttpResponseHandlerBase | ioWorker#1 | UPDATE,1sn5xj0c1wsrw,761434471f746aac,1048576,1/024004,/2017.01.27.13.36.43.149,: 500 Internal Server Error
2017-01-27T13:58:58,118 | DEBUG | BasicLoadMonitor | svcTasksExecutor#2-getIoResults | item: /2017.01.27.13.36.43.149/1sn5xj0c1wsrw, operation: UPDATE, status: RESP_FAIL_SVC
2017-01-27T13:58:58,477 | WARN | HttpResponseHandlerBase | ioWorker#1 | UPDATE,1ffpxaa6hc7lg,5df484d134165a74,1048576,1/00200a,/2017.01.27.13.36.43.149,: 500 Internal Server Error
2017-01-27T13:58:58,478 | DEBUG | BasicLoadMonitor | svcTasksExecutor#2-getIoResults | item: /2017.01.27.13.36.43.149/1ffpxaa6hc7lg, operation: UPDATE, status: RESP_FAIL_SVC
2017-01-27T13:58:58,573 | WARN | HttpResponseHandlerBase | ioWorker#1 | UPDATE,18b8qqlo4b01s,50f110096a968900,1048576,1/002202,/2017.01.27.13.36.43.149,: 500 Internal Server Error
2017-01-27T13:58:58,574 | DEBUG | BasicLoadMonitor | svcTasksExecutor#2-getIoResults | item: /2017.01.27.13.36.43.149/18b8qqlo4b01s, operation: UPDATE, status: RESP_FAIL_SVC
2017-01-27T13:58:58,824 | WARN | HttpResponseHandlerBase | ioWorker#1 | UPDATE,0thspa7wz2qhm,35dffc930c58659a,1048576,1/004014,/2017.01.27.13.36.43.149,: 500 Internal Server Error
2017-01-27T13:58:58,824 | DEBUG | BasicLoadMonitor | svcTasksExecutor#2-getIoResults | item: /2017.01.27.13.36.43.149/0thspa7wz2qhm, operation: UPDATE, status: RESP_FAIL_SVC
2017-01-27T13:58:59,011 | WARN | HttpResponseHandlerBase | ioWorker#1 | UPDATE,14pypvzzq16i5,4a61d40e1b798d2d,1048576,1/1804,/2017.01.27.13.36.43.149,: 500 Internal Server Error
2017-01-27T13:58:59,012 | DEBUG | BasicLoadMonitor | svcTasksExecutor#2-getIoResults | item: /2017.01.27.13.36.43.149/14pypvzzq16i5, operation: UPDATE, status: RESP_FAIL_SVC
2017-01-27T13:58:59,093 | WARN | HttpResponseHandlerBase | ioWorker#1 | UPDATE,0yrlkuho7rnsf,3f816164293a082f,1048576,1/201001,/2017.01.27.13.36.43.149,: 500 Internal Server Error
2017-01-27T13:58:59,094 | DEBUG | BasicLoadMonitor | svcTasksExecutor#2-getIoResults | item: /2017.01.27.13.36.43.149/0yrlkuho7rnsf, operation: UPDATE, status: RESP_FAIL_SVC
2017-01-27T13:58:59,253 | WARN | HttpResponseHandlerBase | ioWorker#1 | UPDATE,00ytsczdginfg,1c4622cd45bdb1c,1048576,1/000103,/2017.01.27.13.36.43.149,: 500 Internal Server Error
2017-01-27T13:58:59,253 | DEBUG | BasicLoadMonitor | svcTasksExecutor#2-getIoResults | item: /2017.01.27.13.36.43.149/00ytsczdginfg, operation: UPDATE, status: RESP_FAIL_SVC
2017-01-27T13:58:59,434 | WARN | HttpResponseHandlerBase | ioWorker#1 | UPDATE,0cnhav1ddj96i,171c5df13a3c063a,1048576,1/014002,/2017.01.27.13.36.43.149,: 500 Internal Server Error
2017-01-27T13:58:59,434 | DEBUG | BasicLoadMonitor | svcTasksExecutor#2-getIoResults | item: /2017.01.27.13.36.43.149/0cnhav1ddj96i, operation: UPDATE, status: RESP_FAIL_SVC
2017-01-27T13:58:59,777 | WARN | HttpResponseHandlerBase | ioWorker#1 | UPDATE,02ywza5b0hr16,56cc385d81e7f1a,1048576,1/0821,/2017.01.27.13.36.43.149,: 500 Internal Server Error
2017-01-27T13:58:59,779 | DEBUG | BasicLoadMonitor | svcTasksExecutor#2-getIoResults | item: /2017.01.27.13.36.43.149/02ywza5b0hr16, operation: UPDATE, status: RESP_FAIL_SVC
2017-01-27T13:58:59,785 | WARN | HttpResponseHandlerBase | ioWorker#1 | UPDATE,0hf21jm8a7uhr,1fd104ab927e201f,1048576,1/4808,/2017.01.27.13.36.43.149,: 500 Internal Server Error
2017-01-27T13:58:59,786 | DEBUG | BasicLoadMonitor | svcTasksExecutor#2-getIoResults | item: /2017.01.27.13.36.43.149/0hf21jm8a7uhr, operation: UPDATE, status: RESP_FAIL_SVC
2017-01-27T13:58:59,822 | WARN | HttpResponseHandlerBase | ioWorker#1 | UPDATE,1f1yxfa181p2j,5d41eae4aade412b,1048576,1/008208,/2017.01.27.13.36.43.149,: 500 Internal Server Error
2017-01-27T13:58:59,823 | DEBUG | BasicLoadMonitor | svcTasksExecutor#2-getIoResults | item: /2017.01.27.13.36.43.149/1f1yxfa181p2j, operation: UPDATE, status: RESP_FAIL_SVC
2017-01-27T13:58:59,826 | WARN | HttpResponseHandlerBase | ioWorker#1 | UPDATE,1h04o3zee1ith,60d13d2d3b7ecb85,1048576,1/040018,/2017.01.27.13.36.43.149,: 500 Internal Server Error
2017-01-27T13:58:59,827 | DEBUG | BasicLoadMonitor | svcTasksExecutor#2-getIoResults | item: /2017.01.27.13.36.43.149/1h04o3zee1ith, operation: UPDATE, status: RESP_FAIL_SVC
2017-01-27T13:59:00,708 | WARN | HttpResponseHandlerBase | ioWorker#1 | UPDATE,057zko1v7pk08,989d4ed4ac48488,1048576,1/34,/2017.01.27.13.36.43.149,: 500 Internal Server Error
2017-01-27T13:59:00,709 | DEBUG | BasicLoadMonitor | svcTasksExecutor#2-getIoResults | item: /2017.01.27.13.36.43.149/057zko1v7pk08, operation: UPDATE, status: RESP_FAIL_SVC
2017-01-27T13:59:00,942 | WARN | HttpResponseHandlerBase | ioWorker#1 | UPDATE,03wznsmvkk3o6,7275de278061f96,1048576,1/00080c,/2017.01.27.13.36.43.149,: 500 Internal Server Error
2017-01-27T13:59:00,942 | DEBUG | BasicLoadMonitor | svcTasksExecutor#2-getIoResults | item: /2017.01.27.13.36.43.149/03wznsmvkk3o6, operation: UPDATE, status: RESP_FAIL_SVC
2017-01-27T13:59:01,102 | WARN | HttpResponseHandlerBase | ioWorker#1 | UPDATE,19llr4pqqy178,534b43a3aee7cc94,1048576,1/102004,/2017.01.27.13.36.43.149,: 500 Internal Server Error
2017-01-27T13:59:01,103 | DEBUG | BasicLoadMonitor | svcTasksExecutor#2-getIoResults | item: /2017.01.27.13.36.43.149/19llr4pqqy178, operation: UPDATE, status: RESP_FAIL_SVC
2017-01-27T13:59:01,274 | WARN | HttpResponseHandlerBase | ioWorker#1 | UPDATE,0kj1of3avt6iw,257fafbf07e89d48,1048576,1/19,/2017.01.27.13.36.43.149,: 500 Internal Server Error
2017-01-27T13:59:01,275 | DEBUG | BasicLoadMonitor | svcTasksExecutor#2-getIoResults | item: /2017.01.27.13.36.43.149/0kj1of3avt6iw, operation: UPDATE, status: RESP_FAIL_SVC
2017-01-27T13:59:01,318 | WARN | HttpResponseHandlerBase | ioWorker#1 | UPDATE,0cerb5kwpwu6o,16ab1310c7a819d0,1048576,1/0a0010,/2017.01.27.13.36.43.149,: 500 Internal Server Error
2017-01-27T13:59:01,319 | DEBUG | BasicLoadMonitor | svcTasksExecutor#2-getIoResults | item: /2017.01.27.13.36.43.149/0cerb5kwpwu6o, operation: UPDATE, status: RESP_FAIL_SVC
2017-01-27T13:59:01,428 | WARN | HttpResponseHandlerBase | ioWorker#1 | UPDATE,0kgvj81qdaybq,25637db13ee9b146,1048576,1/018004,/2017.01.27.13.36.43.149,: 500 Internal Server Error
2017-01-27T13:59:01,429 | DEBUG | BasicLoadMonitor | svcTasksExecutor#2-getIoResults | item: /2017.01.27.13.36.43.149/0kgvj81qdaybq, operation: UPDATE, status: RESP_FAIL_SVC
2017-01-27T13:59:01,551 | WARN | HttpResponseHandlerBase | ioWorker#1 | UPDATE,1g02zx1kmoc3j,5efd057e23ea493f,1048576,1/0043,/2017.01.27.13.36.43.149,: 500 Internal Server Error
2017-01-27T13:59:01,551 | DEBUG | BasicLoadMonitor | svcTasksExecutor#2-getIoResults | item: /2017.01.27.13.36.43.149/1g02zx1kmoc3j, operation: UPDATE, status: RESP_FAIL_SVC
2017-01-27T13:59:01,762 | WARN | HttpResponseHandlerBase | ioWorker#1 | UPDATE,1g2ev9gh82pbb,5f1b487b1fcc18a7,1048576,1/300002,/2017.01.27.13.36.43.149,: 500 Internal Server Error
2017-01-27T13:59:01,763 | DEBUG | BasicLoadMonitor | svcTasksExecutor#2-getIoResults | item: /2017.01.27.13.36.43.149/1g2ev9gh82pbb, operation: UPDATE, status: RESP_FAIL_SVC
2017-01-27T13:59:01,832 | WARN | HttpResponseHandlerBase | ioWorker#1 | UPDATE,0rmd2r96qrtnt,3274110d0aec50e9,1048576,1/802008,/2017.01.27.13.36.43.149,: 500 Internal Server Error
2017-01-27T13:59:01,833 | DEBUG | BasicLoadMonitor | svcTasksExecutor#2-getIoResults | item: /2017.01.27.13.36.43.149/0rmd2r96qrtnt, operation: UPDATE, status: RESP_FAIL_SVC
2017-01-27T13:59:01,979 | WARN | HttpResponseHandlerBase | ioWorker#1 | UPDATE,1qavy0o9auwvw,71cd8049ff8d8ffc,1048576,1/008014,/2017.01.27.13.36.43.149,: 500 Internal Server Error
2017-01-27T13:59:01,980 | DEBUG | BasicLoadMonitor | svcTasksExecutor#2-getIoResults | item: /2017.01.27.13.36.43.149/1qavy0o9auwvw, operation: UPDATE, status: RESP_FAIL_SVC
2017-01-27T13:59:02,143 | WARN | HttpResponseHandlerBase | ioWorker#1 | UPDATE,0q9bxuxr3ctwi,2ff72e89554ee162,1048576,1/400110,/2017.01.27.13.36.43.149,: 500 Internal Server Error
2017-01-27T13:59:02,144 | DEBUG | BasicLoadMonitor | svcTasksExecutor#2-getIoResults | item: /2017.01.27.13.36.43.149/0q9bxuxr3ctwi, operation: UPDATE, status: RESP_FAIL_SVC
2017-01-27T13:59:02,207 | WARN | HttpResponseHandlerBase | ioWorker#1 | UPDATE,15omr2yvnxv92,4c2422af29ef0f76,1048576,1/000818,/2017.01.27.13.36.43.149,: 500 Internal Server Error
2017-01-27T13:59:02,208 | DEBUG | BasicLoadMonitor | svcTasksExecutor#2-getIoResults | item: /2017.01.27.13.36.43.149/15omr2yvnxv92, operation: UPDATE, status: RESP_FAIL_SVC
2017-01-27T13:59:03,084 | WARN | HttpResponseHandlerBase | ioWorker#1 | UPDATE,/2017.01.27.13.36.43.149/0v67konm11y5y,38f0b5b3a9958c36,1048576,1/18b20c,/2017.01.27.13.36.43.149,: 500 Internal Server Error
2017-01-27T13:59:03,085 | DEBUG | BasicLoadMonitor | svcTasksExecutor#2-getIoResults | item: /2017.01.27.13.36.43.149/0v67konm11y5y, operation: UPDATE, status: RESP_FAIL_SVC
2017-01-27T13:59:03,210 | WARN | HttpResponseHandlerBase | ioWorker#1 | UPDATE,/2017.01.27.13.36.43.149/1p1yn1zbgftcn,6f85f4b5e136ce57,1048576,1/a35210,/2017.01.27.13.36.43.149,: 500 Internal Server Error
2017-01-27T13:59:03,210 | DEBUG | BasicLoadMonitor | svcTasksExecutor#2-getIoResults | item: /2017.01.27.13.36.43.149/1p1yn1zbgftcn, operation: UPDATE, status: RESP_FAIL_SVC
2017-01-27T13:59:03,301 | WARN | HttpResponseHandlerBase | ioWorker#1 | UPDATE,/2017.01.27.13.36.43.149/0p9npkihxq9x9,2e27d071a2d679bd,1048576,1/0d1a12,/2017.01.27.13.36.43.149,: 500 Internal Server Error
2017-01-27T13:59:03,301 | DEBUG | BasicLoadMonitor | svcTasksExecutor#2-getIoResults | item: /2017.01.27.13.36.43.149/0p9npkihxq9x9, operation: UPDATE, status: RESP_FAIL_SVC
2017-01-27T13:59:03,689 | WARN | HttpResponseHandlerBase | ioWorker#1 | UPDATE,/2017.01.27.13.36.43.149/0j4qhfr9co3cx,22f22ef22bd9e701,1048576,1/08c709,/2017.01.27.13.36.43.149,: 500 Internal Server Error
2017-01-27T13:59:03,690 | DEBUG | BasicLoadMonitor | svcTasksExecutor#2-getIoResults | item: /2017.01.27.13.36.43.149/0j4qhfr9co3cx, operation: UPDATE, status: RESP_FAIL_SVC
2017-01-27T13:59:03,702 | WARN | HttpResponseHandlerBase | ioWorker#1 | UPDATE,/2017.01.27.13.36.43.149/0fa501x0p703u,1be9e92ded19054a,1048576,1/c33c,/2017.01.27.13.36.43.149,: 500 Internal Server Error
2017-01-27T13:59:03,703 | DEBUG | BasicLoadMonitor | svcTasksExecutor#2-getIoResults | item: /2017.01.27.13.36.43.149/0fa501x0p703u, operation: UPDATE, status: RESP_FAIL_SVC
2017-01-27T13:59:04,136 | WARN | HttpResponseHandlerBase | ioWorker#1 | UPDATE,/2017.01.27.13.36.43.149/0hi75sxicz9r0,1ff9d53561bd401c,1048576,1/220f11,/2017.01.27.13.36.43.149,: 500 Internal Server Error
2017-01-27T13:59:04,136 | DEBUG | BasicLoadMonitor | svcTasksExecutor#2-getIoResults | item: /2017.01.27.13.36.43.149/0hi75sxicz9r0, operation: UPDATE, status: RESP_FAIL_SVC
2017-01-27T13:59:04,293 | WARN | HttpResponseHandlerBase | ioWorker#1 | UPDATE,/2017.01.27.13.36.43.149/1a0zcg9iaeylg,541301fb69fe08a4,1048576,1/81181b,/2017.01.27.13.36.43.149,: 500 Internal Server Error
2017-01-27T13:59:04,294 | DEBUG | BasicLoadMonitor | svcTasksExecutor#2-getIoResults | item: /2017.01.27.13.36.43.149/1a0zcg9iaeylg, operation: UPDATE, status: RESP_FAIL_SVC
2017-01-27T13:59:04,390 | WARN | HttpResponseHandlerBase | ioWorker#1 | UPDATE,/2017.01.27.13.36.43.149/1n2ixpoxpbdgt,6be60cf045deb5ed,1048576,1/91a013,/2017.01.27.13.36.43.149,: 500 Internal Server Error
2017-01-27T13:59:04,392 | DEBUG | BasicLoadMonitor | svcTasksExecutor#2-getIoResults | item: /2017.01.27.13.36.43.149/1n2ixpoxpbdgt, operation: UPDATE, status: RESP_FAIL_SVC
2017-01-27T13:59:04,588 | WARN | HttpResponseHandlerBase | ioWorker#1 | UPDATE,/2017.01.27.13.36.43.149/15kj0uhxwu7i4,4beed53d0d20557c,1048576,1/b90504,/2017.01.27.13.36.43.149,: 500 Internal Server Error
2017-01-27T13:59:04,589 | DEBUG | BasicLoadMonitor | svcTasksExecutor#2-getIoResults | item: /2017.01.27.13.36.43.149/15kj0uhxwu7i4, operation: UPDATE, status: RESP_FAIL_SVC
2017-01-27T13:59:04,657 | WARN | HttpResponseHandlerBase | ioWorker#1 | UPDATE,/2017.01.27.13.36.43.149/1hm7fmiz2tlya,61f00028b8606262,1048576,1/3c081a,/2017.01.27.13.36.43.149,: 500 Internal Server Error
2017-01-27T13:59:04,657 | DEBUG | BasicLoadMonitor | svcTasksExecutor#2-getIoResults | item: /2017.01.27.13.36.43.149/1hm7fmiz2tlya, operation: UPDATE, status: RESP_FAIL_SVC
2017-01-27T13:59:04,875 | WARN | HttpResponseHandlerBase | ioWorker#1 | UPDATE,/2017.01.27.13.36.43.149/0txgoh4uv2uo5,36ab7a30b3a23ec5,1048576,1/1c0d0c,/2017.01.27.13.36.43.149,: 500 Internal Server Error
2017-01-27T13:59:04,875 | DEBUG | BasicLoadMonitor | svcTasksExecutor#2-getIoResults | item: /2017.01.27.13.36.43.149/0txgoh4uv2uo5, operation: UPDATE, status: RESP_FAIL_SVC
2017-01-27T13:59:05,037 | WARN | HttpResponseHandlerBase | ioWorker#1 | UPDATE,/2017.01.27.13.36.43.149/1pz4zv13pa8qb,7134e54078e3bfb3,1048576,1/43f002,/2017.01.27.13.36.43.149,: 500 Internal Server Error
2017-01-27T13:59:05,037 | DEBUG | BasicLoadMonitor | svcTasksExecutor#2-getIoResults | item: /2017.01.27.13.36.43.149/1pz4zv13pa8qb, operation: UPDATE, status: RESP_FAIL_SVC
2017-01-27T13:59:05,418 | WARN | HttpResponseHandlerBase | ioWorker#1 | UPDATE,/2017.01.27.13.36.43.149/0brr1o99cy159,158039d581c61a4d,1048576,1/80f504,/2017.01.27.13.36.43.149,: 500 Internal Server Error
2017-01-27T13:59:05,419 | DEBUG | BasicLoadMonitor | svcTasksExecutor#2-getIoResults | item: /2017.01.27.13.36.43.149/0brr1o99cy159, operation: UPDATE, status: RESP_FAIL_SVC
2017-01-27T13:59:06,445 | WARN | HttpResponseHandlerBase | ioWorker#1 | UPDATE,/2017.01.27.13.36.43.149/05g1hyof7cj5u,9f270c6faeeef02,1048576,1/19c803,/2017.01.27.13.36.43.149,: 500 Internal Server Error
2017-01-27T13:59:06,446 | DEBUG | BasicLoadMonitor | svcTasksExecutor#2-getIoResults | item: /2017.01.27.13.36.43.149/05g1hyof7cj5u, operation: UPDATE, status: RESP_FAIL_SVC
2017-01-27T13:59:07,516 | WARN | HttpResponseHandlerBase | ioWorker#1 | UPDATE,/2017.01.27.13.36.43.149/0xwqb40io51g5,3df06b4b74763695,1048576,1/6fcd0c,/2017.01.27.13.36.43.149,: 500 Internal Server Error
2017-01-27T13:59:07,516 | DEBUG | BasicLoadMonitor | svcTasksExecutor#2-getIoResults | item: /2017.01.27.13.36.43.149/0xwqb40io51g5, operation: UPDATE, status: RESP_FAIL_SVC
2017-01-27T13:59:08,698 | WARN | HttpResponseHandlerBase | ioWorker#1 | UPDATE,/2017.01.27.13.36.43.149/0cfc9u9jopfkh,16b2a36d269f6f11,1048576,1/84ff19,/2017.01.27.13.36.43.149,: 500 Internal Server Error
2017-01-27T13:59:08,699 | DEBUG | BasicLoadMonitor | svcTasksExecutor#2-getIoResults | item: /2017.01.27.13.36.43.149/0cfc9u9jopfkh, operation: UPDATE, status: RESP_FAIL_SVC
2017-01-27T13:59:09,244 | WARN | HttpResponseHandlerBase | ioWorker#1 | UPDATE,/2017.01.27.13.36.43.149/0d4aa6u9j21pc,17f6a70121638c20,1048576,1/ff0b11,/2017.01.27.13.36.43.149,: 500 Internal Server Error
2017-01-27T13:59:09,245 | DEBUG | BasicLoadMonitor | svcTasksExecutor#2-getIoResults | item: /2017.01.27.13.36.43.149/0d4aa6u9j21pc, operation: UPDATE, status: RESP_FAIL_SVC
2017-01-27T13:59:09,282 | WARN | HttpResponseHandlerBase | ioWorker#1 | UPDATE,/2017.01.27.13.36.43.149/04rcgwyyk0sii,8b1aab8e3230c5a,1048576,1/4fe91c,/2017.01.27.13.36.43.149,: 500 Internal Server Error
2017-01-27T13:59:09,282 | DEBUG | BasicLoadMonitor | svcTasksExecutor#2-getIoResults | item: /2017.01.27.13.36.43.149/04rcgwyyk0sii, operation: UPDATE, status: RESP_FAIL_SVC
2017-01-27T13:59:10,233 | WARN | HttpResponseHandlerBase | ioWorker#1 | UPDATE,/2017.01.27.13.36.43.149/1xqmhyihgm71h,7f6338926f2b6125,1048576,1/f51f18,/2017.01.27.13.36.43.149,: 500 Internal Server Error
2017-01-27T13:59:10,234 | DEBUG | BasicLoadMonitor | svcTasksExecutor#2-getIoResults | item: /2017.01.27.13.36.43.149/1xqmhyihgm71h, operation: UPDATE, status: RESP_FAIL_SVC
2017-01-27T13:59:10,770 | WARN | HttpResponseHandlerBase | ioWorker#1 | UPDATE,/2017.01.27.13.36.43.149/1d23lepc4xe9t,599c5f6b63af0a81,1048576,1/cb3f05,/2017.01.27.13.36.43.149,: 500 Internal Server Error
2017-01-27T13:59:10,772 | DEBUG | BasicLoadMonitor | svcTasksExecutor#2-getIoResults | item: /2017.01.27.13.36.43.149/1d23lepc4xe9t, operation: UPDATE, status: RESP_FAIL_SVC
2017-01-27T13:59:11,346 | WARN | HttpResponseHandlerBase | ioWorker#1 | UPDATE,/2017.01.27.13.36.43.149/0cksn6uso2gwl,16f97ddabbf32a15,1048576,1/ff6b1f,/2017.01.27.13.36.43.149,: 500 Internal Server Error
2017-01-27T13:59:11,346 | DEBUG | BasicLoadMonitor | svcTasksExecutor#2-getIoResults | item: /2017.01.27.13.36.43.149/0cksn6uso2gwl, operation: UPDATE, status: RESP_FAIL_SVC
2017-01-27T13:59:11,970 | WARN | HttpResponseHandlerBase | ioWorker#1 | UPDATE,/2017.01.27.13.36.43.149/0fv1qz392abia,1cf9832c26b84ec2,1048576,1/ff3d1f,/2017.01.27.13.36.43.149,: 500 Internal Server Error
2017-01-27T13:59:11,971 | DEBUG | BasicLoadMonitor | svcTasksExecutor#2-getIoResults | item: /2017.01.27.13.36.43.149/0fv1qz392abia, operation: UPDATE, status: RESP_FAIL_SVC
2017-01-27T13:59:12,141 | WARN | HttpResponseHandlerBase | ioWorker#1 | UPDATE,/2017.01.27.13.36.43.149/1s7tkz0ke4yiv,754ce8cb2779e5c7,1048576,1/f1ff1f,/2017.01.27.13.36.43.149,: 500 Internal Server Error
2017-01-27T13:59:12,141 | DEBUG | BasicLoadMonitor | svcTasksExecutor#2-getIoResults | item: /2017.01.27.13.36.43.149/1s7tkz0ke4yiv, operation: UPDATE, status: RESP_FAIL_SVC
2017-01-27T13:59:12,896 | WARN | HttpResponseHandlerBase | ioWorker#1 | UPDATE,/2017.01.27.13.36.43.149/0r5y1432q0ow6,319ecf33d69f5006,1048576,1/6ffd1f,/2017.01.27.13.36.43.149,: 500 Internal Server Error
2017-01-27T13:59:12,896 | DEBUG | BasicLoadMonitor | svcTasksExecutor#2-getIoResults | item: /2017.01.27.13.36.43.149/0r5y1432q0ow6, operation: UPDATE, status: RESP_FAIL_SVC
2017-01-27T13:59:13,662 | WARN | HttpResponseHandlerBase | ioWorker#1 | UPDATE,/2017.01.27.13.36.43.149/1ajm4fjei5266,5505087eae45d43e,1048576,1/effb1d,/2017.01.27.13.36.43.149,: 500 Internal Server Error
2017-01-27T13:59:13,664 | DEBUG | BasicLoadMonitor | svcTasksExecutor#2-getIoResults | item: /2017.01.27.13.36.43.149/1ajm4fjei5266, operation: UPDATE, status: RESP_FAIL_SVC
2017-01-27T13:59:13,824 | WARN | HttpResponseHandlerBase | ioWorker#1 | UPDATE,/2017.01.27.13.36.43.149/15q706omsr8g2,4c386ea9a5261782,1048576,1/ff7e0f,/2017.01.27.13.36.43.149,: 500 Internal Server Error
2017-01-27T13:59:13,825 | DEBUG | BasicLoadMonitor | svcTasksExecutor#2-getIoResults | item: /2017.01.27.13.36.43.149/15q706omsr8g2, operation: UPDATE, status: RESP_FAIL_SVC
2017-01-27T13:59:14,172 | WARN | HttpResponseHandlerBase | ioWorker#1 | UPDATE,/2017.01.27.13.36.43.149/12uvbzqsfisyy,46fa531868c9222a,1048576,1/ffff0c,/2017.01.27.13.36.43.149,: 500 Internal Server Error
2017-01-27T13:59:14,172 | DEBUG | BasicLoadMonitor | svcTasksExecutor#2-getIoResults | item: /2017.01.27.13.36.43.149/12uvbzqsfisyy, operation: UPDATE, status: RESP_FAIL_SVC
2017-01-27T13:59:14,541 | WARN | HttpResponseHandlerBase | ioWorker#1 | UPDATE,/2017.01.27.13.36.43.149/059kccszwwzqe,99e5096c36cc8e6,1048576,1/fffe16,/2017.01.27.13.36.43.149,: 500 Internal Server Error
2017-01-27T13:59:14,541 | DEBUG | BasicLoadMonitor | svcTasksExecutor#2-getIoResults | item: /2017.01.27.13.36.43.149/059kccszwwzqe, operation: UPDATE, status: RESP_FAIL_SVC
2017-01-27T13:59:14,573 | WARN | HttpResponseHandlerBase | ioWorker#1 | UPDATE,/2017.01.27.13.36.43.149/0aibuv6vbf9ot,13323a4a8c0cc5cd,1048576,1/ffff18,/2017.01.27.13.36.43.149,: 500 Internal Server Error
2017-01-27T13:59:14,574 | DEBUG | BasicLoadMonitor | svcTasksExecutor#2-getIoResults | item: /2017.01.27.13.36.43.149/0aibuv6vbf9ot, operation: UPDATE, status: RESP_FAIL_SVC
2017-01-27T13:59:14,875 | WARN | HttpResponseHandlerBase | ioWorker#1 | UPDATE,/2017.01.27.13.36.43.149/032npe2xa5oce,59d5fdbac0e187e,1048576,1/7ffc1f,/2017.01.27.13.36.43.149,: 500 Internal Server Error
2017-01-27T13:59:14,875 | DEBUG | BasicLoadMonitor | svcTasksExecutor#2-getIoResults | item: /2017.01.27.13.36.43.149/032npe2xa5oce, operation: UPDATE, status: RESP_FAIL_SVC
2017-01-27T13:59:15,175 | WARN | HttpResponseHandlerBase | ioWorker#1 | UPDATE,/2017.01.27.13.36.43.149/1d6t65y35kghe,59d98ee8ea500172,1048576,2/040002,/2017.01.27.13.36.43.149,: 500 Internal Server Error
2017-01-27T13:59:15,176 | DEBUG | BasicLoadMonitor | svcTasksExecutor#2-getIoResults | item: /2017.01.27.13.36.43.149/1d6t65y35kghe, operation: UPDATE, status: RESP_FAIL_SVC
2017-01-27T13:59:15,266 | WARN | HttpResponseHandlerBase | ioWorker#1 | UPDATE,/2017.01.27.13.36.43.149/0sju51h0sbfms,3426dea499110fe4,1048576,2/0810,/2017.01.27.13.36.43.149,: 500 Internal Server Error
2017-01-27T13:59:15,267 | DEBUG | BasicLoadMonitor | svcTasksExecutor#2-getIoResults | item: /2017.01.27.13.36.43.149/0sju51h0sbfms, operation: UPDATE, status: RESP_FAIL_SVC
2017-01-27T13:59:15,951 | WARN | HttpResponseHandlerBase | ioWorker#1 | UPDATE,/2017.01.27.13.36.43.149/1l6frw4man5rq,6871a370aeb61ef6,1048576,2/4010,/2017.01.27.13.36.43.149,: 500 Internal Server Error
2017-01-27T13:59:15,952 | DEBUG | BasicLoadMonitor | svcTasksExecutor#2-getIoResults | item: /2017.01.27.13.36.43.149/1l6frw4man5rq, operation: UPDATE, status: RESP_FAIL_SVC
2017-01-27T13:59:17,223 | WARN | HttpResponseHandlerBase | ioWorker#1 | UPDATE,/2017.01.27.13.36.43.149/1adrntx7f63so,54b918921a8093b8,1048576,2/000410,/2017.01.27.13.36.43.149,: 500 Internal Server Error
2017-01-27T13:59:17,224 | DEBUG | BasicLoadMonitor | svcTasksExecutor#2-getIoResults | item: /2017.01.27.13.36.43.149/1adrntx7f63so, operation: UPDATE, status: RESP_FAIL_SVC
2017-01-27T13:59:17,360 | WARN | HttpResponseHandlerBase | ioWorker#1 | UPDATE,/2017.01.27.13.36.43.149/0rzfyxushgyqr,331df8b34f61d4e3,1048576,2/0180,/2017.01.27.13.36.43.149,: 500 Internal Server Error
2017-01-27T13:59:17,362 | DEBUG | BasicLoadMonitor | svcTasksExecutor#2-getIoResults | item: /2017.01.27.13.36.43.149/0rzfyxushgyqr, operation: UPDATE, status: RESP_FAIL_SVC
2017-01-27T13:59:18,368 | WARN | HttpResponseHandlerBase | ioWorker#1 | UPDATE,/2017.01.27.13.36.43.149/0gatnvukdl42j,1dc66c67e549a4db,1048576,2/0802,/2017.01.27.13.36.43.149,: 500 Internal Server Error
2017-01-27T13:59:18,369 | DEBUG | BasicLoadMonitor | svcTasksExecutor#2-getIoResults | item: /2017.01.27.13.36.43.149/0gatnvukdl42j, operation: UPDATE, status: RESP_FAIL_SVC
2017-01-27T13:59:18,677 | WARN | HttpResponseHandlerBase | ioWorker#1 | UPDATE,/2017.01.27.13.36.43.149/1pxmp7lmxpwhq,71214e09fe2b59be,1048576,2/0081,/2017.01.27.13.36.43.149,: 500 Internal Server Error
2017-01-27T13:59:18,677 | DEBUG | BasicLoadMonitor | svcTasksExecutor#2-getIoResults | item: /2017.01.27.13.36.43.149/1pxmp7lmxpwhq, operation: UPDATE, status: RESP_FAIL_SVC
2017-01-27T13:59:18,959 | WARN | HttpResponseHandlerBase | ioWorker#1 | UPDATE,/2017.01.27.13.36.43.149/1vovq9bcap89a,7ba5582f2d8de00e,1048576,2/080002,/2017.01.27.13.36.43.149,: 500 Internal Server Error
2017-01-27T13:59:18,959 | DEBUG | BasicLoadMonitor | svcTasksExecutor#2-getIoResults | item: /2017.01.27.13.36.43.149/1vovq9bcap89a, operation: UPDATE, status: RESP_FAIL_SVC
2017-01-27T13:59:22,328 | WARN | HttpResponseHandlerBase | ioWorker#1 | UPDATE,/2017.01.27.13.36.43.149/1od1ld3ozz8op,6e424a0edae8e9b9,1048576,2/64a006,/2017.01.27.13.36.43.149,: 500 Internal Server Error
2017-01-27T13:59:22,329 | DEBUG | BasicLoadMonitor | svcTasksExecutor#2-getIoResults | item: /2017.01.27.13.36.43.149/1od1ld3ozz8op, operation: UPDATE, status: RESP_FAIL_SVC
2017-01-27T13:59:22,428 | WARN | HttpResponseHandlerBase | ioWorker#1 | UPDATE,/2017.01.27.13.36.43.149/0zher6j4jmegx,40d0a3bdcb6825c1,1048576,2/24c209,/2017.01.27.13.36.43.149,: 500 Internal Server Error
2017-01-27T13:59:22,428 | DEBUG | BasicLoadMonitor | svcTasksExecutor#2-getIoResults | item: /2017.01.27.13.36.43.149/0zher6j4jmegx, operation: UPDATE, status: RESP_FAIL_SVC
2017-01-27T13:59:29,045 | WARN | HttpResponseHandlerBase | ioWorker#1 | UPDATE,/2017.01.27.13.36.43.149/0j2cmjzv7breq,22d334687e399282,1048576,2/fdfe19,/2017.01.27.13.36.43.149,: 500 Internal Server Error
2017-01-27T13:59:29,046 | DEBUG | BasicLoadMonitor | svcTasksExecutor#2-getIoResults | item: /2017.01.27.13.36.43.149/0j2cmjzv7breq, operation: UPDATE, status: RESP_FAIL_SVC
